<?xml version="1.0" encoding="UTF-8"?>
<!-- Generated by org.testng.reporters.JUnitReportReporter -->
<testsuite hostname="BossLavell" failures="0" tests="1" name="com.alpha.tests.PraticeTest" time="0.011" errors="0" timestamp="19 Nov 2021 17:53:09 GMT" skipped="0">
  <testcase classname="com.alpha.tests.PraticeTest" name="FlightBooking" time="0.011"/>
</testsuite> <!-- com.alpha.tests.PraticeTest -->
